# JRE version: Java(TM) SE Runtime Environment (17.0.9+11) (build 17.0.9+11-LTS-201)
# Java VM: Java HotSpot(TM) 64-Bit Server VM (17.0.9+11-LTS-201, mixed mode, sharing, tiered, compressed oops, compressed class ptrs, g1 gc, windows-amd64)
GC Precious Log:
 CPUs: 12 total, 12 available
 Memory: 15706M
 Large Page Support: Disabled
 NUMA Support: Disabled
 Compressed Oops: Enabled (32-bit)
 Heap Region Size: 1M
 Heap Min Capacity: 8M
 Heap Initial Capacity: 246M
 Heap Max Capacity: 2G
 Pre-touch: Disabled
 Parallel Workers: 10
 Concurrent Workers: 3
 Concurrent Refinement Workers: 10
 Periodic GC: Disabled
Heap:
 garbage-first heap   total 251904K, used 99266K [0x0000000080000000, 0x0000000100000000)
  region size 1024K, 6 young (6144K), 6 survivors (6144K)
 Metaspace       used 75215K, committed 76096K, reserved 491520K
  class space    used 10537K, committed 10944K, reserved 425984K
GC Heap History (20 events):
Event: 9.021 GC heap after
{Heap after GC invocations=20 (full 0):
 garbage-first heap   total 110592K, used 65438K [0x0000000080000000, 0x0000000100000000)
  region size 1024K, 1 young (1024K), 1 survivors (1024K)
 Metaspace       used 61503K, committed 62080K, reserved 491520K
  class space    used 8747K, committed 9024K, reserved 425984K
}
Event: 9.310 GC heap before
{Heap before GC invocations=21 (full 0):
 garbage-first heap   total 116736K, used 91038K [0x0000000080000000, 0x0000000100000000)
  region size 1024K, 27 young (27648K), 1 survivors (1024K)
 Metaspace       used 62476K, committed 63168K, reserved 491520K
  class space    used 8875K, committed 9152K, reserved 425984K
}
Event: 9.314 GC heap after
{Heap after GC invocations=22 (full 0):
 garbage-first heap   total 179200K, used 68879K [0x0000000080000000, 0x0000000100000000)
  region size 1024K, 4 young (4096K), 4 survivors (4096K)
 Metaspace       used 62476K, committed 63168K, reserved 491520K
  class space    used 8875K, committed 9152K, reserved 425984K
}
Event: 9.346 GC heap before
{Heap before GC invocations=22 (full 0):
 garbage-first heap   total 179200K, used 72975K [0x0000000080000000, 0x0000000100000000)
  region size 1024K, 8 young (8192K), 4 survivors (4096K)
 Metaspace       used 62498K, committed 63168K, reserved 491520K
  class space    used 8875K, committed 9152K, reserved 425984K
}
Event: 9.350 GC heap after
{Heap after GC invocations=23 (full 0):
 garbage-first heap   total 179200K, used 68664K [0x0000000080000000, 0x0000000100000000)
  region size 1024K, 1 young (1024K), 1 survivors (1024K)
 Metaspace       used 62498K, committed 63168K, reserved 491520K
  class space    used 8875K, committed 9152K, reserved 425984K
}
Event: 10.366 GC heap before
{Heap before GC invocations=23 (full 0):
 garbage-first heap   total 179200K, used 132152K [0x0000000080000000, 0x0000000100000000)
  region size 1024K, 63 young (64512K), 1 survivors (1024K)
 Metaspace       used 65852K, committed 66560K, reserved 491520K
  class space    used 9337K, committed 9664K, reserved 425984K
}
Event: 10.371 GC heap after
{Heap after GC invocations=24 (full 0):
 garbage-first heap   total 179200K, used 73491K [0x0000000080000000, 0x0000000100000000)
  region size 1024K, 6 young (6144K), 6 survivors (6144K)
 Metaspace       used 65852K, committed 66560K, reserved 491520K
  class space    used 9337K, committed 9664K, reserved 425984K
}
Event: 11.363 GC heap before
{Heap before GC invocations=24 (full 0):
 garbage-first heap   total 179200K, used 133907K [0x0000000080000000, 0x0000000100000000)
  region size 1024K, 66 young (67584K), 6 survivors (6144K)
 Metaspace       used 69680K, committed 70464K, reserved 491520K
  class space    used 9952K, committed 10304K, reserved 425984K
}
Event: 11.370 GC heap after
{Heap after GC invocations=25 (full 0):
 garbage-first heap   total 179200K, used 77971K [0x0000000080000000, 0x0000000100000000)
  region size 1024K, 7 young (7168K), 7 survivors (7168K)
 Metaspace       used 69680K, committed 70464K, reserved 491520K
  class space    used 9952K, committed 10304K, reserved 425984K
}
Event: 12.079 GC heap before
{Heap before GC invocations=25 (full 0):
 garbage-first heap   total 179200K, used 136339K [0x0000000080000000, 0x0000000100000000)
  region size 1024K, 65 young (66560K), 7 survivors (7168K)
 Metaspace       used 71401K, committed 72256K, reserved 491520K
  class space    used 10139K, committed 10560K, reserved 425984K
}
Event: 12.085 GC heap after
{Heap after GC invocations=26 (full 0):
 garbage-first heap   total 179200K, used 84329K [0x0000000080000000, 0x0000000100000000)
  region size 1024K, 8 young (8192K), 8 survivors (8192K)
 Metaspace       used 71401K, committed 72256K, reserved 491520K
  class space    used 10139K, committed 10560K, reserved 425984K
}
Event: 12.303 GC heap before
{Heap before GC invocations=26 (full 0):
 garbage-first heap   total 179200K, used 138601K [0x0000000080000000, 0x0000000100000000)
  region size 1024K, 61 young (62464K), 8 survivors (8192K)
 Metaspace       used 71650K, committed 72512K, reserved 491520K
  class space    used 10147K, committed 10560K, reserved 425984K
}
Event: 12.308 GC heap after
{Heap after GC invocations=27 (full 0):
 garbage-first heap   total 179200K, used 86066K [0x0000000080000000, 0x0000000100000000)
  region size 1024K, 5 young (5120K), 5 survivors (5120K)
 Metaspace       used 71650K, committed 72512K, reserved 491520K
  class space    used 10147K, committed 10560K, reserved 425984K
}
Event: 12.419 GC heap before
{Heap before GC invocations=27 (full 0):
 garbage-first heap   total 179200K, used 139314K [0x0000000080000000, 0x0000000100000000)
  region size 1024K, 58 young (59392K), 5 survivors (5120K)
 Metaspace       used 71685K, committed 72512K, reserved 491520K
  class space    used 10147K, committed 10560K, reserved 425984K
}
Event: 12.422 GC heap after
{Heap after GC invocations=28 (full 0):
 garbage-first heap   total 179200K, used 87270K [0x0000000080000000, 0x0000000100000000)
  region size 1024K, 6 young (6144K), 6 survivors (6144K)
 Metaspace       used 71685K, committed 72512K, reserved 491520K
  class space    used 10147K, committed 10560K, reserved 425984K
}
Event: 12.609 GC heap before
{Heap before GC invocations=29 (full 0):
 garbage-first heap   total 179200K, used 144614K [0x0000000080000000, 0x0000000100000000)
  region size 1024K, 60 young (61440K), 6 survivors (6144K)
 Metaspace       used 71703K, committed 72576K, reserved 491520K
  class space    used 10151K, committed 10560K, reserved 425984K
}
Event: 12.613 GC heap after
{Heap after GC invocations=30 (full 0):
 garbage-first heap   total 179200K, used 92322K [0x0000000080000000, 0x0000000100000000)
  region size 1024K, 6 young (6144K), 6 survivors (6144K)
 Metaspace       used 71703K, committed 72576K, reserved 491520K
  class space    used 10151K, committed 10560K, reserved 425984K
}
Event: 12.640 GC heap before
{Heap before GC invocations=30 (full 0):
 garbage-first heap   total 179200K, used 93346K [0x0000000080000000, 0x0000000100000000)
  region size 1024K, 8 young (8192K), 6 survivors (6144K)
 Metaspace       used 71716K, committed 72576K, reserved 491520K
  class space    used 10154K, committed 10560K, reserved 425984K
}
Event: 12.643 GC heap after
{Heap after GC invocations=31 (full 0):
 garbage-first heap   total 179200K, used 91814K [0x0000000080000000, 0x0000000100000000)
  region size 1024K, 1 young (1024K), 1 survivors (1024K)
 Metaspace       used 71716K, committed 72576K, reserved 491520K
  class space    used 10154K, committed 10560K, reserved 425984K
}
Event: 13.152 GC heap before
{Heap before GC invocations=31 (full 0):
 garbage-first heap   total 179200K, used 147110K [0x0000000080000000, 0x0000000100000000)
  region size 1024K, 52 young (53248K), 1 survivors (1024K)
 Metaspace       used 75215K, committed 76096K, reserved 491520K
  class space    used 10537K, committed 10944K, reserved 425984K
}

