# JRE version: Java(TM) SE Runtime Environment (17.0.9+11) (build 17.0.9+11-LTS-201)
# Java VM: Java HotSpot(TM) 64-Bit Server VM (17.0.9+11-LTS-201, mixed mode, sharing, tiered, compressed oops, compressed class ptrs, g1 gc, windows-amd64)
GC Precious Log:
 CPUs: 12 total, 12 available
 Memory: 15706M
 Large Page Support: Disabled
 NUMA Support: Disabled
 Compressed Oops: Enabled (Zero based)
 Heap Region Size: 2M
 Heap Min Capacity: 8M
 Heap Initial Capacity: 246M
 Heap Max Capacity: 4G
 Pre-touch: Disabled
 Parallel Workers: 10
 Concurrent Workers: 3
 Concurrent Refinement Workers: 10
 Periodic GC: Disabled
Heap:
 garbage-first heap   total 501760K, used 351328K [0x0000000700000000, 0x0000000800000000)
  region size 2048K, 80 young (163840K), 11 survivors (22528K)
 Metaspace       used 116446K, committed 117952K, reserved 557056K
  class space    used 15781K, committed 16448K, reserved 425984K
GC Heap History (20 events):
Event: 13.552 GC heap before
{Heap before GC invocations=33 (full 0):
 garbage-first heap   total 282624K, used 222231K [0x0000000700000000, 0x0000000800000000)
  region size 2048K, 59 young (120832K), 4 survivors (8192K)
 Metaspace       used 86727K, committed 87616K, reserved 557056K
  class space    used 11987K, committed 12416K, reserved 425984K
}
Event: 13.559 GC heap after
{Heap after GC invocations=34 (full 0):
 garbage-first heap   total 282624K, used 115644K [0x0000000700000000, 0x0000000800000000)
  region size 2048K, 7 young (14336K), 7 survivors (14336K)
 Metaspace       used 86727K, committed 87616K, reserved 557056K
  class space    used 11987K, committed 12416K, reserved 425984K
}
Event: 14.654 GC heap before
{Heap before GC invocations=34 (full 0):
 garbage-first heap   total 282624K, used 224188K [0x0000000700000000, 0x0000000800000000)
  region size 2048K, 60 young (122880K), 7 survivors (14336K)
 Metaspace       used 93704K, committed 94656K, reserved 557056K
  class space    used 13105K, committed 13568K, reserved 425984K
}
Event: 14.662 GC heap after
{Heap after GC invocations=35 (full 0):
 garbage-first heap   total 282624K, used 118694K [0x0000000700000000, 0x0000000800000000)
  region size 2048K, 5 young (10240K), 5 survivors (10240K)
 Metaspace       used 93704K, committed 94656K, reserved 557056K
  class space    used 13105K, committed 13568K, reserved 425984K
}
Event: 15.878 GC heap before
{Heap before GC invocations=35 (full 0):
 garbage-first heap   total 282624K, used 229286K [0x0000000700000000, 0x0000000800000000)
  region size 2048K, 59 young (120832K), 5 survivors (10240K)
 Metaspace       used 99002K, committed 100096K, reserved 557056K
  class space    used 13847K, committed 14336K, reserved 425984K
}
Event: 15.887 GC heap after
{Heap after GC invocations=36 (full 0):
 garbage-first heap   total 282624K, used 128769K [0x0000000700000000, 0x0000000800000000)
  region size 2048K, 7 young (14336K), 7 survivors (14336K)
 Metaspace       used 99002K, committed 100096K, reserved 557056K
  class space    used 13847K, committed 14336K, reserved 425984K
}
Event: 16.550 GC heap before
{Heap before GC invocations=36 (full 0):
 garbage-first heap   total 282624K, used 225025K [0x0000000700000000, 0x0000000800000000)
  region size 2048K, 55 young (112640K), 7 survivors (14336K)
 Metaspace       used 100998K, committed 102080K, reserved 557056K
  class space    used 14063K, committed 14592K, reserved 425984K
}
Event: 16.561 GC heap after
{Heap after GC invocations=37 (full 0):
 garbage-first heap   total 282624K, used 137476K [0x0000000700000000, 0x0000000800000000)
  region size 2048K, 5 young (10240K), 5 survivors (10240K)
 Metaspace       used 100998K, committed 102080K, reserved 557056K
  class space    used 14063K, committed 14592K, reserved 425984K
}
Event: 16.835 GC heap before
{Heap before GC invocations=37 (full 0):
 garbage-first heap   total 282624K, used 225540K [0x0000000700000000, 0x0000000800000000)
  region size 2048K, 49 young (100352K), 5 survivors (10240K)
 Metaspace       used 101067K, committed 102144K, reserved 557056K
  class space    used 14070K, committed 14592K, reserved 425984K
}
Event: 16.841 GC heap after
{Heap after GC invocations=38 (full 0):
 garbage-first heap   total 282624K, used 141490K [0x0000000700000000, 0x0000000800000000)
  region size 2048K, 4 young (8192K), 4 survivors (8192K)
 Metaspace       used 101067K, committed 102144K, reserved 557056K
  class space    used 14070K, committed 14592K, reserved 425984K
}
Event: 17.414 GC heap before
{Heap before GC invocations=39 (full 0):
 garbage-first heap   total 282624K, used 229554K [0x0000000700000000, 0x0000000800000000)
  region size 2048K, 46 young (94208K), 4 survivors (8192K)
 Metaspace       used 101530K, committed 102592K, reserved 557056K
  class space    used 14136K, committed 14656K, reserved 425984K
}
Event: 17.422 GC heap after
{Heap after GC invocations=40 (full 0):
 garbage-first heap   total 282624K, used 155060K [0x0000000700000000, 0x0000000800000000)
  region size 2048K, 6 young (12288K), 6 survivors (12288K)
 Metaspace       used 101530K, committed 102592K, reserved 557056K
  class space    used 14136K, committed 14656K, reserved 425984K
}
Event: 17.426 GC heap before
{Heap before GC invocations=40 (full 0):
 garbage-first heap   total 282624K, used 157108K [0x0000000700000000, 0x0000000800000000)
  region size 2048K, 7 young (14336K), 6 survivors (12288K)
 Metaspace       used 101531K, committed 102592K, reserved 557056K
  class space    used 14136K, committed 14656K, reserved 425984K
}
Event: 17.434 GC heap after
{Heap after GC invocations=41 (full 0):
 garbage-first heap   total 501760K, used 153479K [0x0000000700000000, 0x0000000800000000)
  region size 2048K, 1 young (2048K), 1 survivors (2048K)
 Metaspace       used 101531K, committed 102592K, reserved 557056K
  class space    used 14136K, committed 14656K, reserved 425984K
}
Event: 18.570 GC heap before
{Heap before GC invocations=41 (full 0):
 garbage-first heap   total 501760K, used 327559K [0x0000000700000000, 0x0000000800000000)
  region size 2048K, 87 young (178176K), 1 survivors (2048K)
 Metaspace       used 102895K, committed 104256K, reserved 557056K
  class space    used 14347K, committed 14976K, reserved 425984K
}
Event: 18.581 GC heap after
{Heap after GC invocations=42 (full 0):
 garbage-first heap   total 501760K, used 172193K [0x0000000700000000, 0x0000000800000000)
  region size 2048K, 10 young (20480K), 10 survivors (20480K)
 Metaspace       used 102895K, committed 104256K, reserved 557056K
  class space    used 14347K, committed 14976K, reserved 425984K
}
Event: 21.435 GC heap before
{Heap before GC invocations=42 (full 0):
 garbage-first heap   total 501760K, used 370849K [0x0000000700000000, 0x0000000800000000)
  region size 2048K, 106 young (217088K), 10 survivors (20480K)
 Metaspace       used 108437K, committed 109824K, reserved 557056K
  class space    used 14848K, committed 15488K, reserved 425984K
}
Event: 21.449 GC heap after
{Heap after GC invocations=43 (full 0):
 garbage-first heap   total 501760K, used 190895K [0x0000000700000000, 0x0000000800000000)
  region size 2048K, 9 young (18432K), 9 survivors (18432K)
 Metaspace       used 108437K, committed 109824K, reserved 557056K
  class space    used 14848K, committed 15488K, reserved 425984K
}
Event: 43.222 GC heap before
{Heap before GC invocations=43 (full 0):
 garbage-first heap   total 501760K, used 373167K [0x0000000700000000, 0x0000000800000000)
  region size 2048K, 99 young (202752K), 9 survivors (18432K)
 Metaspace       used 111587K, committed 113088K, reserved 557056K
  class space    used 15105K, committed 15808K, reserved 425984K
}
Event: 43.244 GC heap after
{Heap after GC invocations=44 (full 0):
 garbage-first heap   total 501760K, used 212064K [0x0000000700000000, 0x0000000800000000)
  region size 2048K, 11 young (22528K), 11 survivors (22528K)
 Metaspace       used 111587K, committed 113088K, reserved 557056K
  class space    used 15105K, committed 15808K, reserved 425984K
}

