# JRE version: Java(TM) SE Runtime Environment (17.0.9+11) (build 17.0.9+11-LTS-201)
# Java VM: Java HotSpot(TM) 64-Bit Server VM (17.0.9+11-LTS-201, mixed mode, sharing, tiered, compressed oops, compressed class ptrs, g1 gc, windows-amd64)
GC Precious Log:
 CPUs: 12 total, 12 available
 Memory: 15706M
 Large Page Support: Disabled
 NUMA Support: Disabled
 Compressed Oops: Enabled (Zero based)
 Heap Region Size: 2M
 Heap Min Capacity: 8M
 Heap Initial Capacity: 246M
 Heap Max Capacity: 4G
 Pre-touch: Disabled
 Parallel Workers: 10
 Concurrent Workers: 3
 Concurrent Refinement Workers: 10
 Periodic GC: Disabled
Heap:
 garbage-first heap   total 505856K, used 244443K [0x0000000700000000, 0x0000000800000000)
  region size 2048K, 28 young (57344K), 11 survivors (22528K)
 Metaspace       used 114322K, committed 115840K, reserved 983040K
  class space    used 15726K, committed 16384K, reserved 851968K
GC Heap History (20 events):
Event: 21.034 GC heap before
{Heap before GC invocations=52 (full 0):
 garbage-first heap   total 243712K, used 201610K [0x0000000700000000, 0x0000000800000000)
  region size 2048K, 42 young (86016K), 1 survivors (2048K)
 Metaspace       used 99300K, committed 100416K, reserved 983040K
  class space    used 13938K, committed 14464K, reserved 851968K
}
Event: 21.041 GC heap after
{Heap after GC invocations=53 (full 0):
 garbage-first heap   total 243712K, used 126497K [0x0000000700000000, 0x0000000800000000)
  region size 2048K, 6 young (12288K), 6 survivors (12288K)
 Metaspace       used 99300K, committed 100416K, reserved 983040K
  class space    used 13938K, committed 14464K, reserved 851968K
}
Event: 21.427 GC heap before
{Heap before GC invocations=53 (full 0):
 garbage-first heap   total 243712K, used 196129K [0x0000000700000000, 0x0000000800000000)
  region size 2048K, 41 young (83968K), 6 survivors (12288K)
 Metaspace       used 100528K, committed 101696K, reserved 983040K
  class space    used 14057K, committed 14592K, reserved 851968K
}
Event: 21.435 GC heap after
{Heap after GC invocations=54 (full 0):
 garbage-first heap   total 243712K, used 132974K [0x0000000700000000, 0x0000000800000000)
  region size 2048K, 4 young (8192K), 4 survivors (8192K)
 Metaspace       used 100528K, committed 101696K, reserved 983040K
  class space    used 14057K, committed 14592K, reserved 851968K
}
Event: 22.114 GC heap before
{Heap before GC invocations=55 (full 0):
 garbage-first heap   total 243712K, used 196462K [0x0000000700000000, 0x0000000800000000)
  region size 2048K, 36 young (73728K), 4 survivors (8192K)
 Metaspace       used 101335K, committed 102464K, reserved 983040K
  class space    used 14139K, committed 14656K, reserved 851968K
}
Event: 22.120 GC heap after
{Heap after GC invocations=56 (full 0):
 garbage-first heap   total 243712K, used 140366K [0x0000000700000000, 0x0000000800000000)
  region size 2048K, 5 young (10240K), 5 survivors (10240K)
 Metaspace       used 101335K, committed 102464K, reserved 983040K
  class space    used 14139K, committed 14656K, reserved 851968K
}
Event: 22.125 GC heap before
{Heap before GC invocations=56 (full 0):
 garbage-first heap   total 243712K, used 142414K [0x0000000700000000, 0x0000000800000000)
  region size 2048K, 6 young (12288K), 5 survivors (10240K)
 Metaspace       used 101336K, committed 102464K, reserved 983040K
  class space    used 14139K, committed 14656K, reserved 851968K
}
Event: 22.130 GC heap after
{Heap after GC invocations=57 (full 0):
 garbage-first heap   total 243712K, used 139421K [0x0000000700000000, 0x0000000800000000)
  region size 2048K, 1 young (2048K), 1 survivors (2048K)
 Metaspace       used 101336K, committed 102464K, reserved 983040K
  class space    used 14139K, committed 14656K, reserved 851968K
}
Event: 22.257 GC heap before
{Heap before GC invocations=57 (full 0):
 garbage-first heap   total 243712K, used 194717K [0x0000000700000000, 0x0000000800000000)
  region size 2048K, 29 young (59392K), 1 survivors (2048K)
 Metaspace       used 101337K, committed 102464K, reserved 983040K
  class space    used 14140K, committed 14656K, reserved 851968K
}
Event: 22.260 GC heap after
{Heap after GC invocations=58 (full 0):
 garbage-first heap   total 243712K, used 141015K [0x0000000700000000, 0x0000000800000000)
  region size 2048K, 2 young (4096K), 2 survivors (4096K)
 Metaspace       used 101337K, committed 102464K, reserved 983040K
  class space    used 14140K, committed 14656K, reserved 851968K
}
Event: 22.414 GC heap before
{Heap before GC invocations=58 (full 0):
 garbage-first heap   total 243712K, used 198359K [0x0000000700000000, 0x0000000800000000)
  region size 2048K, 31 young (63488K), 2 survivors (4096K)
 Metaspace       used 101358K, committed 102464K, reserved 983040K
  class space    used 14141K, committed 14656K, reserved 851968K
}
Event: 22.417 GC heap after
{Heap after GC invocations=59 (full 0):
 garbage-first heap   total 243712K, used 142263K [0x0000000700000000, 0x0000000800000000)
  region size 2048K, 3 young (6144K), 3 survivors (6144K)
 Metaspace       used 101358K, committed 102464K, reserved 983040K
  class space    used 14141K, committed 14656K, reserved 851968K
}
Event: 22.602 GC heap before
{Heap before GC invocations=59 (full 0):
 garbage-first heap   total 243712K, used 152503K [0x0000000700000000, 0x0000000800000000)
  region size 2048K, 10 young (20480K), 3 survivors (6144K)
 Metaspace       used 101450K, committed 102656K, reserved 983040K
  class space    used 14152K, committed 14720K, reserved 851968K
}
Event: 22.607 GC heap after
{Heap after GC invocations=60 (full 0):
 garbage-first heap   total 505856K, used 148654K [0x0000000700000000, 0x0000000800000000)
  region size 2048K, 4 young (8192K), 4 survivors (8192K)
 Metaspace       used 101450K, committed 102656K, reserved 983040K
  class space    used 14152K, committed 14720K, reserved 851968K
}
Event: 23.801 GC heap before
{Heap before GC invocations=60 (full 0):
 garbage-first heap   total 505856K, used 351406K [0x0000000700000000, 0x0000000800000000)
  region size 2048K, 103 young (210944K), 4 survivors (8192K)
 Metaspace       used 102059K, committed 103296K, reserved 983040K
  class space    used 14220K, committed 14784K, reserved 851968K
}
Event: 23.813 GC heap after
{Heap after GC invocations=61 (full 0):
 garbage-first heap   total 505856K, used 167232K [0x0000000700000000, 0x0000000800000000)
  region size 2048K, 13 young (26624K), 13 survivors (26624K)
 Metaspace       used 102059K, committed 103296K, reserved 983040K
  class space    used 14220K, committed 14784K, reserved 851968K
}
Event: 25.605 GC heap before
{Heap before GC invocations=61 (full 0):
 garbage-first heap   total 505856K, used 372032K [0x0000000700000000, 0x0000000800000000)
  region size 2048K, 112 young (229376K), 13 survivors (26624K)
 Metaspace       used 105082K, committed 106496K, reserved 983040K
  class space    used 14662K, committed 15296K, reserved 851968K
}
Event: 25.625 GC heap after
{Heap after GC invocations=62 (full 0):
 garbage-first heap   total 505856K, used 192223K [0x0000000700000000, 0x0000000800000000)
  region size 2048K, 11 young (22528K), 11 survivors (22528K)
 Metaspace       used 105082K, committed 106496K, reserved 983040K
  class space    used 14662K, committed 15296K, reserved 851968K
}
Event: 28.205 GC heap before
{Heap before GC invocations=62 (full 0):
 garbage-first heap   total 505856K, used 382687K [0x0000000700000000, 0x0000000800000000)
  region size 2048K, 105 young (215040K), 11 survivors (22528K)
 Metaspace       used 112076K, committed 113600K, reserved 983040K
  class space    used 15536K, committed 16192K, reserved 851968K
}
Event: 28.225 GC heap after
{Heap after GC invocations=63 (full 0):
 garbage-first heap   total 505856K, used 213723K [0x0000000700000000, 0x0000000800000000)
  region size 2048K, 11 young (22528K), 11 survivors (22528K)
 Metaspace       used 112076K, committed 113600K, reserved 983040K
  class space    used 15536K, committed 16192K, reserved 851968K
}

