# JRE version: Java(TM) SE Runtime Environment (17.0.9+11) (build 17.0.9+11-LTS-201)
# Java VM: Java HotSpot(TM) 64-Bit Server VM (17.0.9+11-LTS-201, mixed mode, sharing, tiered, compressed oops, compressed class ptrs, g1 gc, windows-amd64)
GC Precious Log:
 CPUs: 12 total, 12 available
 Memory: 15706M
 Large Page Support: Disabled
 NUMA Support: Disabled
 Compressed Oops: Enabled (Zero based)
 Heap Region Size: 2M
 Heap Min Capacity: 8M
 Heap Initial Capacity: 246M
 Heap Max Capacity: 4G
 Pre-touch: Disabled
 Parallel Workers: 10
 Concurrent Workers: 3
 Concurrent Refinement Workers: 10
 Periodic GC: Disabled
Heap:
 garbage-first heap   total 319488K, used 151540K [0x0000000700000000, 0x0000000800000000)
  region size 2048K, 29 young (59392K), 6 survivors (12288K)
 Metaspace       used 85777K, committed 86656K, reserved 557056K
  class space    used 11847K, committed 12288K, reserved 425984K
GC Heap History (20 events):
Event: 9.023 GC heap before
{Heap before GC invocations=21 (full 0):
 garbage-first heap   total 159744K, used 124374K [0x0000000700000000, 0x0000000800000000)
  region size 2048K, 32 young (65536K), 3 survivors (6144K)
 Metaspace       used 65931K, committed 66624K, reserved 491520K
  class space    used 9358K, committed 9664K, reserved 425984K
}
Event: 9.029 GC heap after
{Heap after GC invocations=22 (full 0):
 garbage-first heap   total 159744K, used 71334K [0x0000000700000000, 0x0000000800000000)
  region size 2048K, 4 young (8192K), 4 survivors (8192K)
 Metaspace       used 65931K, committed 66624K, reserved 491520K
  class space    used 9358K, committed 9664K, reserved 425984K
}
Event: 9.916 GC heap before
{Heap before GC invocations=22 (full 0):
 garbage-first heap   total 159744K, used 124582K [0x0000000700000000, 0x0000000800000000)
  region size 2048K, 30 young (61440K), 4 survivors (8192K)
 Metaspace       used 69521K, committed 70272K, reserved 491520K
  class space    used 9939K, committed 10304K, reserved 425984K
}
Event: 9.922 GC heap after
{Heap after GC invocations=23 (full 0):
 garbage-first heap   total 159744K, used 75227K [0x0000000700000000, 0x0000000800000000)
  region size 2048K, 3 young (6144K), 3 survivors (6144K)
 Metaspace       used 69521K, committed 70272K, reserved 491520K
  class space    used 9939K, committed 10304K, reserved 425984K
}
Event: 10.565 GC heap before
{Heap before GC invocations=23 (full 0):
 garbage-first heap   total 159744K, used 126427K [0x0000000700000000, 0x0000000800000000)
  region size 2048K, 28 young (57344K), 3 survivors (6144K)
 Metaspace       used 71195K, committed 72000K, reserved 491520K
  class space    used 10136K, committed 10496K, reserved 425984K
}
Event: 10.572 GC heap after
{Heap after GC invocations=24 (full 0):
 garbage-first heap   total 159744K, used 81327K [0x0000000700000000, 0x0000000800000000)
  region size 2048K, 4 young (8192K), 4 survivors (8192K)
 Metaspace       used 71195K, committed 72000K, reserved 491520K
  class space    used 10136K, committed 10496K, reserved 425984K
}
Event: 10.876 GC heap before
{Heap before GC invocations=24 (full 0):
 garbage-first heap   total 159744K, used 124335K [0x0000000700000000, 0x0000000800000000)
  region size 2048K, 26 young (53248K), 4 survivors (8192K)
 Metaspace       used 71541K, committed 72448K, reserved 491520K
  class space    used 10139K, committed 10560K, reserved 425984K
}
Event: 10.881 GC heap after
{Heap after GC invocations=25 (full 0):
 garbage-first heap   total 159744K, used 83268K [0x0000000700000000, 0x0000000800000000)
  region size 2048K, 3 young (6144K), 3 survivors (6144K)
 Metaspace       used 71541K, committed 72448K, reserved 491520K
  class space    used 10139K, committed 10560K, reserved 425984K
}
Event: 11.014 GC heap before
{Heap before GC invocations=26 (full 0):
 garbage-first heap   total 163840K, used 124228K [0x0000000700000000, 0x0000000800000000)
  region size 2048K, 24 young (49152K), 3 survivors (6144K)
 Metaspace       used 71617K, committed 72512K, reserved 491520K
  class space    used 10139K, committed 10560K, reserved 425984K
}
Event: 11.018 GC heap after
{Heap after GC invocations=27 (full 0):
 garbage-first heap   total 163840K, used 84690K [0x0000000700000000, 0x0000000800000000)
  region size 2048K, 2 young (4096K), 2 survivors (4096K)
 Metaspace       used 71617K, committed 72512K, reserved 491520K
  class space    used 10139K, committed 10560K, reserved 425984K
}
Event: 11.029 GC heap before
{Heap before GC invocations=27 (full 0):
 garbage-first heap   total 163840K, used 86738K [0x0000000700000000, 0x0000000800000000)
  region size 2048K, 4 young (8192K), 2 survivors (4096K)
 Metaspace       used 71617K, committed 72512K, reserved 491520K
  class space    used 10139K, committed 10560K, reserved 425984K
}
Event: 11.031 GC heap after
{Heap after GC invocations=28 (full 0):
 garbage-first heap   total 163840K, used 83455K [0x0000000700000000, 0x0000000800000000)
  region size 2048K, 1 young (2048K), 1 survivors (2048K)
 Metaspace       used 71617K, committed 72512K, reserved 491520K
  class space    used 10139K, committed 10560K, reserved 425984K
}
Event: 11.123 GC heap before
{Heap before GC invocations=28 (full 0):
 garbage-first heap   total 163840K, used 128511K [0x0000000700000000, 0x0000000800000000)
  region size 2048K, 24 young (49152K), 1 survivors (2048K)
 Metaspace       used 71626K, committed 72512K, reserved 491520K
  class space    used 10140K, committed 10560K, reserved 425984K
}
Event: 11.126 GC heap after
{Heap after GC invocations=29 (full 0):
 garbage-first heap   total 163840K, used 85382K [0x0000000700000000, 0x0000000800000000)
  region size 2048K, 2 young (4096K), 2 survivors (4096K)
 Metaspace       used 71626K, committed 72512K, reserved 491520K
  class space    used 10140K, committed 10560K, reserved 425984K
}
Event: 11.396 GC heap before
{Heap before GC invocations=30 (full 0):
 garbage-first heap   total 182272K, used 130438K [0x0000000700000000, 0x0000000800000000)
  region size 2048K, 25 young (51200K), 2 survivors (4096K)
 Metaspace       used 71695K, committed 72576K, reserved 491520K
  class space    used 10151K, committed 10560K, reserved 425984K
}
Event: 11.401 GC heap after
{Heap after GC invocations=31 (full 0):
 garbage-first heap   total 182272K, used 94275K [0x0000000700000000, 0x0000000800000000)
  region size 2048K, 4 young (8192K), 4 survivors (8192K)
 Metaspace       used 71695K, committed 72576K, reserved 491520K
  class space    used 10151K, committed 10560K, reserved 425984K
}
Event: 11.412 GC heap before
{Heap before GC invocations=31 (full 0):
 garbage-first heap   total 182272K, used 96323K [0x0000000700000000, 0x0000000800000000)
  region size 2048K, 5 young (10240K), 4 survivors (8192K)
 Metaspace       used 71759K, committed 72576K, reserved 491520K
  class space    used 10157K, committed 10560K, reserved 425984K
}
Event: 11.416 GC heap after
{Heap after GC invocations=32 (full 0):
 garbage-first heap   total 319488K, used 94504K [0x0000000700000000, 0x0000000800000000)
  region size 2048K, 1 young (2048K), 1 survivors (2048K)
 Metaspace       used 71759K, committed 72576K, reserved 491520K
  class space    used 10157K, committed 10560K, reserved 425984K
}
Event: 12.845 GC heap before
{Heap before GC invocations=32 (full 0):
 garbage-first heap   total 319488K, used 246056K [0x0000000700000000, 0x0000000800000000)
  region size 2048K, 76 young (155648K), 1 survivors (2048K)
 Metaspace       used 82757K, committed 83584K, reserved 557056K
  class space    used 11415K, committed 11840K, reserved 425984K
}
Event: 12.851 GC heap after
{Heap after GC invocations=33 (full 0):
 garbage-first heap   total 319488K, used 104436K [0x0000000700000000, 0x0000000800000000)
  region size 2048K, 6 young (12288K), 6 survivors (12288K)
 Metaspace       used 82757K, committed 83584K, reserved 557056K
  class space    used 11415K, committed 11840K, reserved 425984K
}

