# JRE version: Java(TM) SE Runtime Environment (17.0.9+11) (build 17.0.9+11-LTS-201)
# Java VM: Java HotSpot(TM) 64-Bit Server VM (17.0.9+11-LTS-201, mixed mode, sharing, tiered, compressed oops, compressed class ptrs, g1 gc, windows-amd64)
GC Precious Log:
 CPUs: 12 total, 12 available
 Memory: 15706M
 Large Page Support: Disabled
 NUMA Support: Disabled
 Compressed Oops: Enabled (Zero based)
 Heap Region Size: 2M
 Heap Min Capacity: 8M
 Heap Initial Capacity: 246M
 Heap Max Capacity: 4G
 Pre-touch: Disabled
 Parallel Workers: 10
 Concurrent Workers: 3
 Concurrent Refinement Workers: 10
 Periodic GC: Disabled
Heap:
 garbage-first heap   total 397312K, used 250808K [0x0000000700000000, 0x0000000800000000)
  region size 2048K, 70 young (143360K), 1 survivors (2048K)
 Metaspace       used 88126K, committed 89088K, reserved 557056K
  class space    used 12171K, committed 12608K, reserved 425984K
GC Heap History (20 events):
Event: 14.452 GC heap before
{Heap before GC invocations=28 (full 0):
 garbage-first heap   total 153600K, used 112194K [0x0000000700000000, 0x0000000800000000)
  region size 2048K, 18 young (36864K), 3 survivors (6144K)
 Metaspace       used 71624K, committed 72448K, reserved 491520K
  class space    used 10148K, committed 10560K, reserved 425984K
}
Event: 14.456 GC heap after
{Heap after GC invocations=29 (full 0):
 garbage-first heap   total 153600K, used 86156K [0x0000000700000000, 0x0000000800000000)
  region size 2048K, 2 young (4096K), 2 survivors (4096K)
 Metaspace       used 71624K, committed 72448K, reserved 491520K
  class space    used 10148K, committed 10560K, reserved 425984K
}
Event: 14.465 GC heap before
{Heap before GC invocations=29 (full 0):
 garbage-first heap   total 153600K, used 88204K [0x0000000700000000, 0x0000000800000000)
  region size 2048K, 3 young (6144K), 2 survivors (4096K)
 Metaspace       used 71637K, committed 72448K, reserved 491520K
  class space    used 10148K, committed 10560K, reserved 425984K
}
Event: 14.467 GC heap after
{Heap after GC invocations=30 (full 0):
 garbage-first heap   total 153600K, used 84303K [0x0000000700000000, 0x0000000800000000)
  region size 2048K, 1 young (2048K), 1 survivors (2048K)
 Metaspace       used 71637K, committed 72448K, reserved 491520K
  class space    used 10148K, committed 10560K, reserved 425984K
}
Event: 14.564 GC heap before
{Heap before GC invocations=30 (full 0):
 garbage-first heap   total 153600K, used 119119K [0x0000000700000000, 0x0000000800000000)
  region size 2048K, 19 young (38912K), 1 survivors (2048K)
 Metaspace       used 71705K, committed 72576K, reserved 491520K
  class space    used 10149K, committed 10560K, reserved 425984K
}
Event: 14.567 GC heap after
{Heap after GC invocations=31 (full 0):
 garbage-first heap   total 184320K, used 86807K [0x0000000700000000, 0x0000000800000000)
  region size 2048K, 2 young (4096K), 2 survivors (4096K)
 Metaspace       used 71705K, committed 72576K, reserved 491520K
  class space    used 10149K, committed 10560K, reserved 425984K
}
Event: 14.728 GC heap before
{Heap before GC invocations=32 (full 0):
 garbage-first heap   total 184320K, used 142103K [0x0000000700000000, 0x0000000800000000)
  region size 2048K, 30 young (61440K), 2 survivors (4096K)
 Metaspace       used 71716K, committed 72576K, reserved 491520K
  class space    used 10149K, committed 10560K, reserved 425984K
}
Event: 14.731 GC heap after
{Heap after GC invocations=33 (full 0):
 garbage-first heap   total 184320K, used 87947K [0x0000000700000000, 0x0000000800000000)
  region size 2048K, 3 young (6144K), 3 survivors (6144K)
 Metaspace       used 71716K, committed 72576K, reserved 491520K
  class space    used 10149K, committed 10560K, reserved 425984K
}
Event: 14.735 GC heap before
{Heap before GC invocations=33 (full 0):
 garbage-first heap   total 184320K, used 89995K [0x0000000700000000, 0x0000000800000000)
  region size 2048K, 4 young (8192K), 3 survivors (6144K)
 Metaspace       used 71716K, committed 72576K, reserved 491520K
  class space    used 10149K, committed 10560K, reserved 425984K
}
Event: 14.738 GC heap after
{Heap after GC invocations=34 (full 0):
 garbage-first heap   total 184320K, used 86948K [0x0000000700000000, 0x0000000800000000)
  region size 2048K, 1 young (2048K), 1 survivors (2048K)
 Metaspace       used 71716K, committed 72576K, reserved 491520K
  class space    used 10149K, committed 10560K, reserved 425984K
}
Event: 15.066 GC heap before
{Heap before GC invocations=34 (full 0):
 garbage-first heap   total 184320K, used 144292K [0x0000000700000000, 0x0000000800000000)
  region size 2048K, 30 young (61440K), 1 survivors (2048K)
 Metaspace       used 72719K, committed 73600K, reserved 491520K
  class space    used 10272K, committed 10688K, reserved 425984K
}
Event: 15.071 GC heap after
{Heap after GC invocations=35 (full 0):
 garbage-first heap   total 184320K, used 99830K [0x0000000700000000, 0x0000000800000000)
  region size 2048K, 4 young (8192K), 4 survivors (8192K)
 Metaspace       used 72719K, committed 73600K, reserved 491520K
  class space    used 10272K, committed 10688K, reserved 425984K
}
Event: 15.431 GC heap before
{Heap before GC invocations=35 (full 0):
 garbage-first heap   total 184320K, used 140790K [0x0000000700000000, 0x0000000800000000)
  region size 2048K, 25 young (51200K), 4 survivors (8192K)
 Metaspace       used 76225K, committed 77120K, reserved 557056K
  class space    used 10643K, committed 11072K, reserved 425984K
}
Event: 15.435 GC heap after
{Heap after GC invocations=36 (full 0):
 garbage-first heap   total 184320K, used 102478K [0x0000000700000000, 0x0000000800000000)
  region size 2048K, 1 young (2048K), 1 survivors (2048K)
 Metaspace       used 76225K, committed 77120K, reserved 557056K
  class space    used 10643K, committed 11072K, reserved 425984K
}
Event: 15.778 GC heap before
{Heap before GC invocations=36 (full 0):
 garbage-first heap   total 184320K, used 141390K [0x0000000700000000, 0x0000000800000000)
  region size 2048K, 21 young (43008K), 1 survivors (2048K)
 Metaspace       used 79427K, committed 80320K, reserved 557056K
  class space    used 10980K, committed 11392K, reserved 425984K
}
Event: 15.783 GC heap after
{Heap after GC invocations=37 (full 0):
 garbage-first heap   total 184320K, used 111486K [0x0000000700000000, 0x0000000800000000)
  region size 2048K, 3 young (6144K), 3 survivors (6144K)
 Metaspace       used 79427K, committed 80320K, reserved 557056K
  class space    used 10980K, committed 11392K, reserved 425984K
}
Event: 16.136 GC heap before
{Heap before GC invocations=38 (full 0):
 garbage-first heap   total 198656K, used 142206K [0x0000000700000000, 0x0000000800000000)
  region size 2048K, 18 young (36864K), 3 survivors (6144K)
 Metaspace       used 81119K, committed 81984K, reserved 557056K
  class space    used 11228K, committed 11648K, reserved 425984K
}
Event: 16.140 GC heap after
{Heap after GC invocations=39 (full 0):
 garbage-first heap   total 198656K, used 111477K [0x0000000700000000, 0x0000000800000000)
  region size 2048K, 2 young (4096K), 2 survivors (4096K)
 Metaspace       used 81119K, committed 81984K, reserved 557056K
  class space    used 11228K, committed 11648K, reserved 425984K
}
Event: 16.192 GC heap before
{Heap before GC invocations=39 (full 0):
 garbage-first heap   total 198656K, used 115573K [0x0000000700000000, 0x0000000800000000)
  region size 2048K, 4 young (8192K), 2 survivors (4096K)
 Metaspace       used 81401K, committed 82304K, reserved 557056K
  class space    used 11263K, committed 11712K, reserved 425984K
}
Event: 16.196 GC heap after
{Heap after GC invocations=40 (full 0):
 garbage-first heap   total 397312K, used 109496K [0x0000000700000000, 0x0000000800000000)
  region size 2048K, 1 young (2048K), 1 survivors (2048K)
 Metaspace       used 81401K, committed 82304K, reserved 557056K
  class space    used 11263K, committed 11712K, reserved 425984K
}

