# JRE version: Java(TM) SE Runtime Environment (17.0.9+11) (build 17.0.9+11-LTS-201)
# Java VM: Java HotSpot(TM) 64-Bit Server VM (17.0.9+11-LTS-201, mixed mode, sharing, tiered, compressed oops, compressed class ptrs, g1 gc, windows-amd64)
GC Precious Log:
 CPUs: 12 total, 12 available
 Memory: 15706M
 Large Page Support: Disabled
 NUMA Support: Disabled
 Compressed Oops: Enabled (Zero based)
 Heap Region Size: 2M
 Heap Min Capacity: 8M
 Heap Initial Capacity: 246M
 Heap Max Capacity: 4G
 Pre-touch: Disabled
 Parallel Workers: 10
 Concurrent Workers: 3
 Concurrent Refinement Workers: 10
 Periodic GC: Disabled
Heap:
 garbage-first heap   total 356352K, used 189060K [0x0000000700000000, 0x0000000800000000)
  region size 2048K, 7 young (14336K), 7 survivors (14336K)
 Metaspace       used 108210K, committed 109632K, reserved 557056K
  class space    used 15075K, committed 15680K, reserved 425984K
GC Heap History (20 events):
Event: 12.237 GC heap after
{Heap after GC invocations=35 (full 0):
 garbage-first heap   total 178176K, used 85101K [0x0000000700000000, 0x0000000800000000)
  region size 2048K, 1 young (2048K), 1 survivors (2048K)
 Metaspace       used 71665K, committed 72512K, reserved 491520K
  class space    used 10144K, committed 10560K, reserved 425984K
}
Event: 12.533 GC heap before
{Heap before GC invocations=35 (full 0):
 garbage-first heap   total 178176K, used 140397K [0x0000000700000000, 0x0000000800000000)
  region size 2048K, 29 young (59392K), 1 survivors (2048K)
 Metaspace       used 72067K, committed 72960K, reserved 491520K
  class space    used 10212K, committed 10624K, reserved 425984K
}
Event: 12.538 GC heap after
{Heap after GC invocations=36 (full 0):
 garbage-first heap   total 356352K, used 96185K [0x0000000700000000, 0x0000000800000000)
  region size 2048K, 4 young (8192K), 4 survivors (8192K)
 Metaspace       used 72067K, committed 72960K, reserved 491520K
  class space    used 10212K, committed 10624K, reserved 425984K
}
Event: 14.133 GC heap before
{Heap before GC invocations=37 (full 0):
 garbage-first heap   total 342016K, used 280505K [0x0000000700000000, 0x0000000800000000)
  region size 2048K, 94 young (192512K), 4 survivors (8192K)
 Metaspace       used 85199K, committed 86144K, reserved 557056K
  class space    used 11766K, committed 12224K, reserved 425984K
}
Event: 14.140 GC heap after
{Heap after GC invocations=38 (full 0):
 garbage-first heap   total 342016K, used 110509K [0x0000000700000000, 0x0000000800000000)
  region size 2048K, 10 young (20480K), 10 survivors (20480K)
 Metaspace       used 85199K, committed 86144K, reserved 557056K
  class space    used 11766K, committed 12224K, reserved 425984K
}
Event: 14.154 GC heap before
{Heap before GC invocations=38 (full 0):
 garbage-first heap   total 342016K, used 112557K [0x0000000700000000, 0x0000000800000000)
  region size 2048K, 11 young (22528K), 10 survivors (20480K)
 Metaspace       used 85345K, committed 86208K, reserved 557056K
  class space    used 11789K, committed 12224K, reserved 425984K
}
Event: 14.160 GC heap after
{Heap after GC invocations=39 (full 0):
 garbage-first heap   total 342016K, used 109172K [0x0000000700000000, 0x0000000800000000)
  region size 2048K, 1 young (2048K), 1 survivors (2048K)
 Metaspace       used 85345K, committed 86208K, reserved 557056K
  class space    used 11789K, committed 12224K, reserved 425984K
}
Event: 15.580 GC heap before
{Heap before GC invocations=39 (full 0):
 garbage-first heap   total 342016K, used 270964K [0x0000000700000000, 0x0000000800000000)
  region size 2048K, 80 young (163840K), 1 survivors (2048K)
 Metaspace       used 93102K, committed 94016K, reserved 557056K
  class space    used 13032K, committed 13440K, reserved 425984K
}
Event: 15.585 GC heap after
{Heap after GC invocations=40 (full 0):
 garbage-first heap   total 342016K, used 115179K [0x0000000700000000, 0x0000000800000000)
  region size 2048K, 4 young (8192K), 4 survivors (8192K)
 Metaspace       used 93102K, committed 94016K, reserved 557056K
  class space    used 13032K, committed 13440K, reserved 425984K
}
Event: 17.326 GC heap before
{Heap before GC invocations=40 (full 0):
 garbage-first heap   total 342016K, used 272875K [0x0000000700000000, 0x0000000800000000)
  region size 2048K, 81 young (165888K), 4 survivors (8192K)
 Metaspace       used 101009K, committed 102080K, reserved 557056K
  class space    used 14077K, committed 14592K, reserved 425984K
}
Event: 17.338 GC heap after
{Heap after GC invocations=41 (full 0):
 garbage-first heap   total 342016K, used 130998K [0x0000000700000000, 0x0000000800000000)
  region size 2048K, 11 young (22528K), 11 survivors (22528K)
 Metaspace       used 101009K, committed 102080K, reserved 557056K
  class space    used 14077K, committed 14592K, reserved 425984K
}
Event: 17.605 GC heap before
{Heap before GC invocations=41 (full 0):
 garbage-first heap   total 342016K, used 270262K [0x0000000700000000, 0x0000000800000000)
  region size 2048K, 80 young (163840K), 11 survivors (22528K)
 Metaspace       used 101037K, committed 102144K, reserved 557056K
  class space    used 14077K, committed 14592K, reserved 425984K
}
Event: 17.616 GC heap after
{Heap after GC invocations=42 (full 0):
 garbage-first heap   total 342016K, used 135758K [0x0000000700000000, 0x0000000800000000)
  region size 2048K, 4 young (8192K), 4 survivors (8192K)
 Metaspace       used 101037K, committed 102144K, reserved 557056K
  class space    used 14077K, committed 14592K, reserved 425984K
}
Event: 18.328 GC heap before
{Heap before GC invocations=42 (full 0):
 garbage-first heap   total 342016K, used 275022K [0x0000000700000000, 0x0000000800000000)
  region size 2048K, 72 young (147456K), 4 survivors (8192K)
 Metaspace       used 101665K, committed 102720K, reserved 557056K
  class space    used 14149K, committed 14656K, reserved 425984K
}
Event: 18.336 GC heap after
{Heap after GC invocations=43 (full 0):
 garbage-first heap   total 342016K, used 152089K [0x0000000700000000, 0x0000000800000000)
  region size 2048K, 9 young (18432K), 9 survivors (18432K)
 Metaspace       used 101665K, committed 102720K, reserved 557056K
  class space    used 14149K, committed 14656K, reserved 425984K
}
Event: 19.089 GC heap before
{Heap before GC invocations=43 (full 0):
 garbage-first heap   total 342016K, used 270873K [0x0000000700000000, 0x0000000800000000)
  region size 2048K, 68 young (139264K), 9 survivors (18432K)
 Metaspace       used 102489K, committed 103744K, reserved 557056K
  class space    used 14239K, committed 14784K, reserved 425984K
}
Event: 19.101 GC heap after
{Heap after GC invocations=44 (full 0):
 garbage-first heap   total 342016K, used 168113K [0x0000000700000000, 0x0000000800000000)
  region size 2048K, 9 young (18432K), 9 survivors (18432K)
 Metaspace       used 102489K, committed 103744K, reserved 557056K
  class space    used 14239K, committed 14784K, reserved 425984K
}
Event: 19.556 GC heap before
{Heap before GC invocations=44 (full 0):
 garbage-first heap   total 342016K, used 270513K [0x0000000700000000, 0x0000000800000000)
  region size 2048K, 60 young (122880K), 9 survivors (18432K)
 Metaspace       used 103130K, committed 104512K, reserved 557056K
  class space    used 14357K, committed 14976K, reserved 425984K
}
Event: 19.566 GC heap after
{Heap after GC invocations=45 (full 0):
 garbage-first heap   total 342016K, used 174834K [0x0000000700000000, 0x0000000800000000)
  region size 2048K, 4 young (8192K), 4 survivors (8192K)
 Metaspace       used 103130K, committed 104512K, reserved 557056K
  class space    used 14357K, committed 14976K, reserved 425984K
}
Event: 20.714 GC heap before
{Heap before GC invocations=45 (full 0):
 garbage-first heap   total 342016K, used 279282K [0x0000000700000000, 0x0000000800000000)
  region size 2048K, 53 young (108544K), 4 survivors (8192K)
 Metaspace       used 108210K, committed 109632K, reserved 557056K
  class space    used 15075K, committed 15680K, reserved 425984K
}

