# JRE version: Java(TM) SE Runtime Environment (17.0.9+11) (build 17.0.9+11-LTS-201)
# Java VM: Java HotSpot(TM) 64-Bit Server VM (17.0.9+11-LTS-201, mixed mode, sharing, tiered, compressed oops, compressed class ptrs, g1 gc, windows-amd64)
GC Precious Log:
 CPUs: 12 total, 12 available
 Memory: 15706M
 Large Page Support: Disabled
 NUMA Support: Disabled
 Compressed Oops: Enabled (32-bit)
 Heap Region Size: 1M
 Heap Min Capacity: 8M
 Heap Initial Capacity: 246M
 Heap Max Capacity: 2G
 Pre-touch: Disabled
 Parallel Workers: 10
 Concurrent Workers: 3
 Concurrent Refinement Workers: 10
 Periodic GC: Disabled
Heap:
 garbage-first heap   total 352256K, used 281609K [0x0000000080000000, 0x0000000100000000)
  region size 1024K, 44 young (45056K), 8 survivors (8192K)
 Metaspace       used 120207K, committed 121728K, reserved 557056K
  class space    used 16223K, committed 16960K, reserved 425984K
GC Heap History (20 events):
Event: 17.351 GC heap before
{Heap before GC invocations=36 (full 0):
 garbage-first heap   total 352256K, used 284941K [0x0000000080000000, 0x0000000100000000)
  region size 1024K, 164 young (167936K), 21 survivors (21504K)
 Metaspace       used 101578K, committed 102656K, reserved 557056K
  class space    used 14140K, committed 14656K, reserved 425984K
}
Event: 17.365 GC heap after
{Heap after GC invocations=37 (full 0):
 garbage-first heap   total 352256K, used 153187K [0x0000000080000000, 0x0000000100000000)
  region size 1024K, 17 young (17408K), 17 survivors (17408K)
 Metaspace       used 101578K, committed 102656K, reserved 557056K
  class space    used 14140K, committed 14656K, reserved 425984K
}
Event: 17.670 GC heap before
{Heap before GC invocations=37 (full 0):
 garbage-first heap   total 352256K, used 280163K [0x0000000080000000, 0x0000000100000000)
  region size 1024K, 142 young (145408K), 17 survivors (17408K)
 Metaspace       used 101713K, committed 102784K, reserved 557056K
  class space    used 14150K, committed 14656K, reserved 425984K
}
Event: 17.677 GC heap after
{Heap after GC invocations=38 (full 0):
 garbage-first heap   total 352256K, used 157171K [0x0000000080000000, 0x0000000100000000)
  region size 1024K, 7 young (7168K), 7 survivors (7168K)
 Metaspace       used 101713K, committed 102784K, reserved 557056K
  class space    used 14150K, committed 14656K, reserved 425984K
}
Event: 18.713 GC heap before
{Heap before GC invocations=38 (full 0):
 garbage-first heap   total 352256K, used 287219K [0x0000000080000000, 0x0000000100000000)
  region size 1024K, 131 young (134144K), 7 survivors (7168K)
 Metaspace       used 103049K, committed 104320K, reserved 557056K
  class space    used 14350K, committed 14912K, reserved 425984K
}
Event: 18.722 GC heap after
{Heap after GC invocations=39 (full 0):
 garbage-first heap   total 352256K, used 174428K [0x0000000080000000, 0x0000000100000000)
  region size 1024K, 17 young (17408K), 17 survivors (17408K)
 Metaspace       used 103049K, committed 104320K, reserved 557056K
  class space    used 14350K, committed 14912K, reserved 425984K
}
Event: 25.108 GC heap before
{Heap before GC invocations=39 (full 0):
 garbage-first heap   total 352256K, used 292188K [0x0000000080000000, 0x0000000100000000)
  region size 1024K, 124 young (126976K), 17 survivors (17408K)
 Metaspace       used 106687K, committed 108032K, reserved 557056K
  class space    used 14652K, committed 15296K, reserved 425984K
}
Event: 25.119 GC heap after
{Heap after GC invocations=40 (full 0):
 garbage-first heap   total 352256K, used 191445K [0x0000000080000000, 0x0000000100000000)
  region size 1024K, 15 young (15360K), 15 survivors (15360K)
 Metaspace       used 106687K, committed 108032K, reserved 557056K
  class space    used 14652K, committed 15296K, reserved 425984K
}
Event: 41.031 GC heap before
{Heap before GC invocations=40 (full 0):
 garbage-first heap   total 352256K, used 282581K [0x0000000080000000, 0x0000000100000000)
  region size 1024K, 105 young (107520K), 15 survivors (15360K)
 Metaspace       used 111216K, committed 112640K, reserved 557056K
  class space    used 15086K, committed 15744K, reserved 425984K
}
Event: 41.042 GC heap after
{Heap after GC invocations=41 (full 0):
 garbage-first heap   total 352256K, used 198383K [0x0000000080000000, 0x0000000100000000)
  region size 1024K, 7 young (7168K), 7 survivors (7168K)
 Metaspace       used 111216K, committed 112640K, reserved 557056K
  class space    used 15086K, committed 15744K, reserved 425984K
}
Event: 42.311 GC heap before
{Heap before GC invocations=41 (full 0):
 garbage-first heap   total 352256K, used 287471K [0x0000000080000000, 0x0000000100000000)
  region size 1024K, 94 young (96256K), 7 survivors (7168K)
 Metaspace       used 111621K, committed 113088K, reserved 557056K
  class space    used 15100K, committed 15808K, reserved 425984K
}
Event: 42.322 GC heap after
{Heap after GC invocations=42 (full 0):
 garbage-first heap   total 352256K, used 210285K [0x0000000080000000, 0x0000000100000000)
  region size 1024K, 12 young (12288K), 12 survivors (12288K)
 Metaspace       used 111621K, committed 113088K, reserved 557056K
  class space    used 15100K, committed 15808K, reserved 425984K
}
Event: 43.202 GC heap before
{Heap before GC invocations=42 (full 0):
 garbage-first heap   total 352256K, used 286061K [0x0000000080000000, 0x0000000100000000)
  region size 1024K, 86 young (88064K), 12 survivors (12288K)
 Metaspace       used 112025K, committed 113536K, reserved 557056K
  class space    used 15134K, committed 15872K, reserved 425984K
}
Event: 43.216 GC heap after
{Heap after GC invocations=43 (full 0):
 garbage-first heap   total 352256K, used 222959K [0x0000000080000000, 0x0000000100000000)
  region size 1024K, 11 young (11264K), 11 survivors (11264K)
 Metaspace       used 112025K, committed 113536K, reserved 557056K
  class space    used 15134K, committed 15872K, reserved 425984K
}
Event: 44.053 GC heap before
{Heap before GC invocations=43 (full 0):
 garbage-first heap   total 352256K, used 289519K [0x0000000080000000, 0x0000000100000000)
  region size 1024K, 76 young (77824K), 11 survivors (11264K)
 Metaspace       used 115710K, committed 117184K, reserved 557056K
  class space    used 15697K, committed 16384K, reserved 425984K
}
Event: 44.061 GC heap after
{Heap after GC invocations=44 (full 0):
 garbage-first heap   total 352256K, used 230018K [0x0000000080000000, 0x0000000100000000)
  region size 1024K, 6 young (6144K), 6 survivors (6144K)
 Metaspace       used 115710K, committed 117184K, reserved 557056K
  class space    used 15697K, committed 16384K, reserved 425984K
}
Event: 45.004 GC heap before
{Heap before GC invocations=44 (full 0):
 garbage-first heap   total 352256K, used 293506K [0x0000000080000000, 0x0000000100000000)
  region size 1024K, 68 young (69632K), 6 survivors (6144K)
 Metaspace       used 118523K, committed 120000K, reserved 557056K
  class space    used 16025K, committed 16704K, reserved 425984K
}
Event: 45.013 GC heap after
{Heap after GC invocations=45 (full 0):
 garbage-first heap   total 352256K, used 238584K [0x0000000080000000, 0x0000000100000000)
  region size 1024K, 9 young (9216K), 9 survivors (9216K)
 Metaspace       used 118523K, committed 120000K, reserved 557056K
  class space    used 16025K, committed 16704K, reserved 425984K
}
Event: 45.698 GC heap before
{Heap before GC invocations=45 (full 0):
 garbage-first heap   total 352256K, used 294904K [0x0000000080000000, 0x0000000100000000)
  region size 1024K, 64 young (65536K), 9 survivors (9216K)
 Metaspace       used 119639K, committed 121152K, reserved 557056K
  class space    used 16153K, committed 16896K, reserved 425984K
}
Event: 45.707 GC heap after
{Heap after GC invocations=46 (full 0):
 garbage-first heap   total 352256K, used 245769K [0x0000000080000000, 0x0000000100000000)
  region size 1024K, 8 young (8192K), 8 survivors (8192K)
 Metaspace       used 119639K, committed 121152K, reserved 557056K
  class space    used 16153K, committed 16896K, reserved 425984K
}

