# JRE version: Java(TM) SE Runtime Environment (17.0.9+11) (build 17.0.9+11-LTS-201)
# Java VM: Java HotSpot(TM) 64-Bit Server VM (17.0.9+11-LTS-201, mixed mode, sharing, tiered, compressed oops, compressed class ptrs, g1 gc, windows-amd64)
GC Precious Log:
 CPUs: 12 total, 12 available
 Memory: 15706M
 Large Page Support: Disabled
 NUMA Support: Disabled
 Compressed Oops: Enabled (Zero based)
 Heap Region Size: 2M
 Heap Min Capacity: 8M
 Heap Initial Capacity: 246M
 Heap Max Capacity: 3928M
 Pre-touch: Disabled
 Parallel Workers: 10
 Concurrent Workers: 3
 Concurrent Refinement Workers: 10
 Periodic GC: Disabled
Heap:
 garbage-first heap   total 116736K, used 81495K [0x000000070a800000, 0x0000000800000000)
  region size 2048K, 18 young (36864K), 3 survivors (6144K)
 Metaspace       used 47910K, committed 48192K, reserved 1114112K
  class space    used 5630K, committed 5760K, reserved 1048576K
GC Heap History (20 events):
Event: 1.333 GC heap before
{Heap before GC invocations=0 (full 0):
 garbage-first heap   total 251904K, used 24576K [0x000000070a800000, 0x0000000800000000)
  region size 2048K, 11 young (22528K), 0 survivors (0K)
 Metaspace       used 6570K, committed 6720K, reserved 1114112K
  class space    used 682K, committed 768K, reserved 1048576K
}
Event: 1.372 GC heap after
{Heap after GC invocations=1 (full 0):
 garbage-first heap   total 251904K, used 6792K [0x000000070a800000, 0x0000000800000000)
  region size 2048K, 2 young (4096K), 2 survivors (4096K)
 Metaspace       used 6570K, committed 6720K, reserved 1114112K
  class space    used 682K, committed 768K, reserved 1048576K
}
Event: 3.168 GC heap before
{Heap before GC invocations=1 (full 0):
 garbage-first heap   total 251904K, used 45704K [0x000000070a800000, 0x0000000800000000)
  region size 2048K, 20 young (40960K), 2 survivors (4096K)
 Metaspace       used 15374K, committed 15616K, reserved 1114112K
  class space    used 2013K, committed 2112K, reserved 1048576K
}
Event: 3.176 GC heap after
{Heap after GC invocations=2 (full 0):
 garbage-first heap   total 251904K, used 12800K [0x000000070a800000, 0x0000000800000000)
  region size 2048K, 3 young (6144K), 3 survivors (6144K)
 Metaspace       used 15374K, committed 15616K, reserved 1114112K
  class space    used 2013K, committed 2112K, reserved 1048576K
}
Event: 4.468 GC heap before
{Heap before GC invocations=2 (full 0):
 garbage-first heap   total 251904K, used 41472K [0x000000070a800000, 0x0000000800000000)
  region size 2048K, 18 young (36864K), 3 survivors (6144K)
 Metaspace       used 21364K, committed 21504K, reserved 1114112K
  class space    used 2872K, committed 2944K, reserved 1048576K
}
Event: 4.477 GC heap after
{Heap after GC invocations=3 (full 0):
 garbage-first heap   total 251904K, used 14848K [0x000000070a800000, 0x0000000800000000)
  region size 2048K, 5 young (10240K), 5 survivors (10240K)
 Metaspace       used 21364K, committed 21504K, reserved 1114112K
  class space    used 2872K, committed 2944K, reserved 1048576K
}
Event: 5.312 GC heap before
{Heap before GC invocations=4 (full 0):
 garbage-first heap   total 61440K, used 41472K [0x000000070a800000, 0x0000000800000000)
  region size 2048K, 18 young (36864K), 5 survivors (10240K)
 Metaspace       used 26224K, committed 26368K, reserved 1114112K
  class space    used 3321K, committed 3392K, reserved 1048576K
}
Event: 5.328 GC heap after
{Heap after GC invocations=5 (full 0):
 garbage-first heap   total 61440K, used 18209K [0x000000070a800000, 0x0000000800000000)
  region size 2048K, 2 young (4096K), 2 survivors (4096K)
 Metaspace       used 26224K, committed 26368K, reserved 1114112K
  class space    used 3321K, committed 3392K, reserved 1048576K
}
Event: 5.400 GC heap before
{Heap before GC invocations=5 (full 0):
 garbage-first heap   total 61440K, used 20257K [0x000000070a800000, 0x0000000800000000)
  region size 2048K, 3 young (6144K), 2 survivors (4096K)
 Metaspace       used 26513K, committed 26688K, reserved 1114112K
  class space    used 3355K, committed 3456K, reserved 1048576K
}
Event: 5.407 GC heap after
{Heap after GC invocations=6 (full 0):
 garbage-first heap   total 61440K, used 19096K [0x000000070a800000, 0x0000000800000000)
  region size 2048K, 1 young (2048K), 1 survivors (2048K)
 Metaspace       used 26513K, committed 26688K, reserved 1114112K
  class space    used 3355K, committed 3456K, reserved 1048576K
}
Event: 6.498 GC heap before
{Heap before GC invocations=6 (full 0):
 garbage-first heap   total 61440K, used 43672K [0x000000070a800000, 0x0000000800000000)
  region size 2048K, 13 young (26624K), 1 survivors (2048K)
 Metaspace       used 31320K, committed 31552K, reserved 1114112K
  class space    used 3884K, committed 3968K, reserved 1048576K
}
Event: 6.512 GC heap after
{Heap after GC invocations=7 (full 0):
 garbage-first heap   total 157696K, used 22942K [0x000000070a800000, 0x0000000800000000)
  region size 2048K, 2 young (4096K), 2 survivors (4096K)
 Metaspace       used 31320K, committed 31552K, reserved 1114112K
  class space    used 3884K, committed 3968K, reserved 1048576K
}
Event: 7.948 GC heap before
{Heap before GC invocations=7 (full 0):
 garbage-first heap   total 157696K, used 53662K [0x000000070a800000, 0x0000000800000000)
  region size 2048K, 17 young (34816K), 2 survivors (4096K)
 Metaspace       used 36198K, committed 36416K, reserved 1114112K
  class space    used 4402K, committed 4544K, reserved 1048576K
}
Event: 7.963 GC heap after
{Heap after GC invocations=8 (full 0):
 garbage-first heap   total 157696K, used 30748K [0x000000070a800000, 0x0000000800000000)
  region size 2048K, 5 young (10240K), 5 survivors (10240K)
 Metaspace       used 36198K, committed 36416K, reserved 1114112K
  class space    used 4402K, committed 4544K, reserved 1048576K
}
Event: 11.464 GC heap before
{Heap before GC invocations=9 (full 0):
 garbage-first heap   total 116736K, used 90140K [0x000000070a800000, 0x0000000800000000)
  region size 2048K, 34 young (69632K), 5 survivors (10240K)
 Metaspace       used 42870K, committed 43136K, reserved 1114112K
  class space    used 5222K, committed 5376K, reserved 1048576K
}
Event: 11.491 GC heap after
{Heap after GC invocations=10 (full 0):
 garbage-first heap   total 116736K, used 36567K [0x000000070a800000, 0x0000000800000000)
  region size 2048K, 4 young (8192K), 4 survivors (8192K)
 Metaspace       used 42870K, committed 43136K, reserved 1114112K
  class space    used 5222K, committed 5376K, reserved 1048576K
}
Event: 14.762 GC heap before
{Heap before GC invocations=10 (full 0):
 garbage-first heap   total 116736K, used 79575K [0x000000070a800000, 0x0000000800000000)
  region size 2048K, 25 young (51200K), 4 survivors (8192K)
 Metaspace       used 46518K, committed 46784K, reserved 1114112K
  class space    used 5489K, committed 5632K, reserved 1048576K
}
Event: 14.796 GC heap after
{Heap after GC invocations=11 (full 0):
 garbage-first heap   total 116736K, used 45381K [0x000000070a800000, 0x0000000800000000)
  region size 2048K, 4 young (8192K), 4 survivors (8192K)
 Metaspace       used 46518K, committed 46784K, reserved 1114112K
  class space    used 5489K, committed 5632K, reserved 1048576K
}
Event: 16.540 GC heap before
{Heap before GC invocations=11 (full 0):
 garbage-first heap   total 116736K, used 84293K [0x000000070a800000, 0x0000000800000000)
  region size 2048K, 23 young (47104K), 4 survivors (8192K)
 Metaspace       used 47326K, committed 47616K, reserved 1114112K
  class space    used 5547K, committed 5696K, reserved 1048576K
}
Event: 16.578 GC heap after
{Heap after GC invocations=12 (full 0):
 garbage-first heap   total 116736K, used 52823K [0x000000070a800000, 0x0000000800000000)
  region size 2048K, 3 young (6144K), 3 survivors (6144K)
 Metaspace       used 47326K, committed 47616K, reserved 1114112K
  class space    used 5547K, committed 5696K, reserved 1048576K
}

