# JRE version: Java(TM) SE Runtime Environment (17.0.9+11) (build 17.0.9+11-LTS-201)
# Java VM: Java HotSpot(TM) 64-Bit Server VM (17.0.9+11-LTS-201, mixed mode, sharing, tiered, compressed oops, compressed class ptrs, g1 gc, windows-amd64)
GC Precious Log:
 CPUs: 12 total, 12 available
 Memory: 15706M
 Large Page Support: Disabled
 NUMA Support: Disabled
 Compressed Oops: Enabled (Zero based)
 Heap Region Size: 2M
 Heap Min Capacity: 8M
 Heap Initial Capacity: 246M
 Heap Max Capacity: 3928M
 Pre-touch: Disabled
 Parallel Workers: 10
 Concurrent Workers: 3
 Concurrent Refinement Workers: 10
 Periodic GC: Disabled
Heap:
 garbage-first heap   total 188416K, used 97621K [0x000000070a800000, 0x0000000800000000)
  region size 2048K, 11 young (22528K), 5 survivors (10240K)
 Metaspace       used 55316K, committed 55616K, reserved 1114112K
  class space    used 6252K, committed 6400K, reserved 1048576K
GC Heap History (20 events):
Event: 13.630 GC heap before
{Heap before GC invocations=15 (full 0):
 garbage-first heap   total 114688K, used 84374K [0x000000070a800000, 0x0000000800000000)
  region size 2048K, 17 young (34816K), 2 survivors (4096K)
 Metaspace       used 47849K, committed 48128K, reserved 1114112K
  class space    used 5632K, committed 5760K, reserved 1048576K
}
Event: 13.651 GC heap after
{Heap after GC invocations=16 (full 0):
 garbage-first heap   total 114688K, used 59167K [0x000000070a800000, 0x0000000800000000)
  region size 2048K, 3 young (6144K), 3 survivors (6144K)
 Metaspace       used 47849K, committed 48128K, reserved 1114112K
  class space    used 5632K, committed 5760K, reserved 1048576K
}
Event: 14.186 GC heap before
{Heap before GC invocations=16 (full 0):
 garbage-first heap   total 114688K, used 85791K [0x000000070a800000, 0x0000000800000000)
  region size 2048K, 16 young (32768K), 3 survivors (6144K)
 Metaspace       used 47971K, committed 48256K, reserved 1114112K
  class space    used 5638K, committed 5760K, reserved 1048576K
}
Event: 14.209 GC heap after
{Heap after GC invocations=17 (full 0):
 garbage-first heap   total 114688K, used 63830K [0x000000070a800000, 0x0000000800000000)
  region size 2048K, 2 young (4096K), 2 survivors (4096K)
 Metaspace       used 47971K, committed 48256K, reserved 1114112K
  class space    used 5638K, committed 5760K, reserved 1048576K
}
Event: 14.686 GC heap before
{Heap before GC invocations=18 (full 0):
 garbage-first heap   total 116736K, used 88406K [0x000000070a800000, 0x0000000800000000)
  region size 2048K, 14 young (28672K), 2 survivors (4096K)
 Metaspace       used 48030K, committed 48320K, reserved 1114112K
  class space    used 5639K, committed 5760K, reserved 1048576K
}
Event: 14.702 GC heap after
{Heap after GC invocations=19 (full 0):
 garbage-first heap   total 116736K, used 68605K [0x000000070a800000, 0x0000000800000000)
  region size 2048K, 2 young (4096K), 2 survivors (4096K)
 Metaspace       used 48030K, committed 48320K, reserved 1114112K
  class space    used 5639K, committed 5760K, reserved 1048576K
}
Event: 15.227 GC heap before
{Heap before GC invocations=19 (full 0):
 garbage-first heap   total 116736K, used 91133K [0x000000070a800000, 0x0000000800000000)
  region size 2048K, 13 young (26624K), 2 survivors (4096K)
 Metaspace       used 48191K, committed 48448K, reserved 1114112K
  class space    used 5645K, committed 5760K, reserved 1048576K
}
Event: 15.246 GC heap after
{Heap after GC invocations=20 (full 0):
 garbage-first heap   total 116736K, used 72535K [0x000000070a800000, 0x0000000800000000)
  region size 2048K, 2 young (4096K), 2 survivors (4096K)
 Metaspace       used 48191K, committed 48448K, reserved 1114112K
  class space    used 5645K, committed 5760K, reserved 1048576K
}
Event: 15.539 GC heap before
{Heap before GC invocations=21 (full 0):
 garbage-first heap   total 131072K, used 95063K [0x000000070a800000, 0x0000000800000000)
  region size 2048K, 12 young (24576K), 2 survivors (4096K)
 Metaspace       used 48379K, committed 48704K, reserved 1114112K
  class space    used 5665K, committed 5824K, reserved 1048576K
}
Event: 15.547 GC heap after
{Heap after GC invocations=22 (full 0):
 garbage-first heap   total 131072K, used 76337K [0x000000070a800000, 0x0000000800000000)
  region size 2048K, 1 young (2048K), 1 survivors (2048K)
 Metaspace       used 48379K, committed 48704K, reserved 1114112K
  class space    used 5665K, committed 5824K, reserved 1048576K
}
Event: 15.603 GC heap before
{Heap before GC invocations=22 (full 0):
 garbage-first heap   total 131072K, used 80433K [0x000000070a800000, 0x0000000800000000)
  region size 2048K, 3 young (6144K), 1 survivors (2048K)
 Metaspace       used 48474K, committed 48768K, reserved 1114112K
  class space    used 5678K, committed 5824K, reserved 1048576K
}
Event: 15.607 GC heap after
{Heap after GC invocations=23 (full 0):
 garbage-first heap   total 131072K, used 75618K [0x000000070a800000, 0x0000000800000000)
  region size 2048K, 1 young (2048K), 1 survivors (2048K)
 Metaspace       used 48474K, committed 48768K, reserved 1114112K
  class space    used 5678K, committed 5824K, reserved 1048576K
}
Event: 15.944 GC heap before
{Heap before GC invocations=23 (full 0):
 garbage-first heap   total 131072K, used 102242K [0x000000070a800000, 0x0000000800000000)
  region size 2048K, 14 young (28672K), 1 survivors (2048K)
 Metaspace       used 48853K, committed 49152K, reserved 1114112K
  class space    used 5719K, committed 5888K, reserved 1048576K
}
Event: 15.948 GC heap after
{Heap after GC invocations=24 (full 0):
 garbage-first heap   total 188416K, used 76221K [0x000000070a800000, 0x0000000800000000)
  region size 2048K, 1 young (2048K), 1 survivors (2048K)
 Metaspace       used 48853K, committed 49152K, reserved 1114112K
  class space    used 5719K, committed 5888K, reserved 1048576K
}
Event: 17.939 GC heap before
{Heap before GC invocations=25 (full 0):
 garbage-first heap   total 188416K, used 141757K [0x000000070a800000, 0x0000000800000000)
  region size 2048K, 33 young (67584K), 1 survivors (2048K)
 Metaspace       used 51528K, committed 51776K, reserved 1114112K
  class space    used 5944K, committed 6080K, reserved 1048576K
}
Event: 17.948 GC heap after
{Heap after GC invocations=26 (full 0):
 garbage-first heap   total 188416K, used 79205K [0x000000070a800000, 0x0000000800000000)
  region size 2048K, 2 young (4096K), 2 survivors (4096K)
 Metaspace       used 51528K, committed 51776K, reserved 1114112K
  class space    used 5944K, committed 6080K, reserved 1048576K
}
Event: 18.264 GC heap before
{Heap before GC invocations=26 (full 0):
 garbage-first heap   total 188416K, used 83301K [0x000000070a800000, 0x0000000800000000)
  region size 2048K, 4 young (8192K), 2 survivors (4096K)
 Metaspace       used 52239K, committed 52480K, reserved 1114112K
  class space    used 6030K, committed 6144K, reserved 1048576K
}
Event: 18.272 GC heap after
{Heap after GC invocations=27 (full 0):
 garbage-first heap   total 188416K, used 78985K [0x000000070a800000, 0x0000000800000000)
  region size 2048K, 1 young (2048K), 1 survivors (2048K)
 Metaspace       used 52239K, committed 52480K, reserved 1114112K
  class space    used 6030K, committed 6144K, reserved 1048576K
}
Event: 22.364 GC heap before
{Heap before GC invocations=27 (full 0):
 garbage-first heap   total 188416K, used 150665K [0x000000070a800000, 0x0000000800000000)
  region size 2048K, 36 young (73728K), 1 survivors (2048K)
 Metaspace       used 54881K, committed 55168K, reserved 1114112K
  class space    used 6214K, committed 6336K, reserved 1048576K
}
Event: 22.378 GC heap after
{Heap after GC invocations=28 (full 0):
 garbage-first heap   total 188416K, used 87381K [0x000000070a800000, 0x0000000800000000)
  region size 2048K, 5 young (10240K), 5 survivors (10240K)
 Metaspace       used 54881K, committed 55168K, reserved 1114112K
  class space    used 6214K, committed 6336K, reserved 1048576K
}

